<?xml version="1.0" encoding="UTF-8"?>
<!-- Generated by org.testng.reporters.JUnitReportReporter -->
<testsuite skipped="0" hostname="Lenovo" name="flower.pack.invoking" tests="1" failures="0" timestamp="14 May 2021 17:43:11 GMT" time="39.859" errors="0">
  <testcase name="clickLogin" time="39.859" classname="flower.pack.invoking"/>
</testsuite> <!-- flower.pack.invoking -->
